2013-07-14 23:51:35 Error: [MissingViewException] View file "/Applications/MAMP/htdocs/jpi-online.org/app/View/Pages/favicon.ico.ctp" is missing.
#0 /Applications/MAMP/htdocs/jpi-online.org/lib/Cake/View/View.php(472): View->_getViewFileName('favicon.ico')
#1 /Applications/MAMP/htdocs/jpi-online.org/lib/Cake/Controller/Controller.php(957): View->render('favicon.ico', NULL)
#2 /Applications/MAMP/htdocs/jpi-online.org/app/Controller/PagesController.php(73): Controller->render('favicon.ico')
#3 [internal function]: PagesController->display('favicon.ico')
#4 /Applications/MAMP/htdocs/jpi-online.org/lib/Cake/Controller/Controller.php(485): ReflectionMethod->invokeArgs(Object(PagesController), Array)
#5 /Applications/MAMP/htdocs/jpi-online.org/lib/Cake/Routing/Dispatcher.php(186): Controller->invokeAction(Object(CakeRequest))
#6 /Applications/MAMP/htdocs/jpi-online.org/lib/Cake/Routing/Dispatcher.php(161): Dispatcher->_invoke(Object(PagesController), Object(CakeRequest), Object(CakeResponse))
#7 /Applications/MAMP/htdocs/jpi-online.org/app/webroot/index.php(92): Dispatcher->dispatch(Object(CakeRequest), Object(CakeResponse))
#8 {main}
2013-07-14 23:51:35 Error: [MissingViewException] View file "/Applications/MAMP/htdocs/jpi-online.org/app/View/Pages/favicon.ico.ctp" is missing.
#0 /Applications/MAMP/htdocs/jpi-online.org/lib/Cake/View/View.php(472): View->_getViewFileName('favicon.ico')
#1 /Applications/MAMP/htdocs/jpi-online.org/lib/Cake/Controller/Controller.php(957): View->render('favicon.ico', NULL)
#2 /Applications/MAMP/htdocs/jpi-online.org/app/Controller/PagesController.php(73): Controller->render('favicon.ico')
#3 [internal function]: PagesController->display('favicon.ico')
#4 /Applications/MAMP/htdocs/jpi-online.org/lib/Cake/Controller/Controller.php(485): ReflectionMethod->invokeArgs(Object(PagesController), Array)
#5 /Applications/MAMP/htdocs/jpi-online.org/lib/Cake/Routing/Dispatcher.php(186): Controller->invokeAction(Object(CakeRequest))
#6 /Applications/MAMP/htdocs/jpi-online.org/lib/Cake/Routing/Dispatcher.php(161): Dispatcher->_invoke(Object(PagesController), Object(CakeRequest), Object(CakeResponse))
#7 /Applications/MAMP/htdocs/jpi-online.org/app/webroot/index.php(92): Dispatcher->dispatch(Object(CakeRequest), Object(CakeResponse))
#8 {main}
2013-07-14 23:51:40 Error: [MissingViewException] View file "/Applications/MAMP/htdocs/jpi-online.org/app/View/Pages/tests.ctp" is missing.
#0 /Applications/MAMP/htdocs/jpi-online.org/lib/Cake/View/View.php(472): View->_getViewFileName('tests')
#1 /Applications/MAMP/htdocs/jpi-online.org/lib/Cake/Controller/Controller.php(957): View->render('tests', NULL)
#2 /Applications/MAMP/htdocs/jpi-online.org/app/Controller/PagesController.php(73): Controller->render('tests')
#3 [internal function]: PagesController->display('tests')
#4 /Applications/MAMP/htdocs/jpi-online.org/lib/Cake/Controller/Controller.php(485): ReflectionMethod->invokeArgs(Object(PagesController), Array)
#5 /Applications/MAMP/htdocs/jpi-online.org/lib/Cake/Routing/Dispatcher.php(186): Controller->invokeAction(Object(CakeRequest))
#6 /Applications/MAMP/htdocs/jpi-online.org/lib/Cake/Routing/Dispatcher.php(161): Dispatcher->_invoke(Object(PagesController), Object(CakeRequest), Object(CakeResponse))
#7 /Applications/MAMP/htdocs/jpi-online.org/app/webroot/index.php(92): Dispatcher->dispatch(Object(CakeRequest), Object(CakeResponse))
#8 {main}
2014-04-03 21:46:32 Error: [MissingViewException] View file "/docroot/app/View/Pages/images/services/links.gif.ctp" is missing.
#0 /docroot/lib/Cake/View/View.php(472): View->_getViewFileName('images/services...')
#1 /docroot/lib/Cake/Controller/Controller.php(957): View->render('images/services...', NULL)
#2 /docroot/app/Controller/PagesController.php(73): Controller->render('images/services...')
#3 [internal function]: PagesController->display('images', 'services', 'links.gif')
#4 /docroot/lib/Cake/Controller/Controller.php(485): ReflectionMethod->invokeArgs(Object(PagesController), Array)
#5 /docroot/lib/Cake/Routing/Dispatcher.php(186): Controller->invokeAction(Object(CakeRequest))
#6 /docroot/lib/Cake/Routing/Dispatcher.php(161): Dispatcher->_invoke(Object(PagesController), Object(CakeRequest), Object(CakeResponse))
#7 /docroot/app/webroot/index.php(92): Dispatcher->dispatch(Object(CakeRequest), Object(CakeResponse))
#8 {main}
2014-04-03 22:11:28 Error: [MissingViewException] View file "/docroot/app/View/Pages/images/services/links.gif.ctp" is missing.
#0 /docroot/lib/Cake/View/View.php(472): View->_getViewFileName('images/services...')
#1 /docroot/lib/Cake/Controller/Controller.php(957): View->render('images/services...', NULL)
#2 /docroot/app/Controller/PagesController.php(73): Controller->render('images/services...')
#3 [internal function]: PagesController->display('images', 'services', 'links.gif')
#4 /docroot/lib/Cake/Controller/Controller.php(485): ReflectionMethod->invokeArgs(Object(PagesController), Array)
#5 /docroot/lib/Cake/Routing/Dispatcher.php(186): Controller->invokeAction(Object(CakeRequest))
#6 /docroot/lib/Cake/Routing/Dispatcher.php(161): Dispatcher->_invoke(Object(PagesController), Object(CakeRequest), Object(CakeResponse))
#7 /docroot/app/webroot/index.php(92): Dispatcher->dispatch(Object(CakeRequest), Object(CakeResponse))
#8 {main}
2014-04-03 22:49:02 Error: [Exception] DateTime::__construct(): Failed to parse time string (04-16-2014) at position 0 (0): Unexpected character
#0 /docroot/app/View/Pages/events.ctp(130): DateTime->__construct('04-16-2014')
#1 /docroot/lib/Cake/View/View.php(920): include('/docroot/app/Vi...')
#2 /docroot/lib/Cake/View/View.php(883): View->_evaluate('/docroot/app/Vi...', Array)
#3 /docroot/lib/Cake/View/View.php(475): View->_render('/docroot/app/Vi...')
#4 /docroot/lib/Cake/Controller/Controller.php(957): View->render('events', NULL)
#5 /docroot/app/Controller/PagesController.php(73): Controller->render('events')
#6 [internal function]: PagesController->display('events')
#7 /docroot/lib/Cake/Controller/Controller.php(485): ReflectionMethod->invokeArgs(Object(PagesController), Array)
#8 /docroot/lib/Cake/Routing/Dispatcher.php(186): Controller->invokeAction(Object(CakeRequest))
#9 /docroot/lib/Cake/Routing/Dispatcher.php(161): Dispatcher->_invoke(Object(PagesController), Object(CakeRequest), Object(CakeResponse))
#10 /docroot/app/webroot/index.php(92): Dispatcher->dispatch(Object(CakeRequest), Object(CakeResponse))
#11 {main}
2014-04-03 22:51:29 Error: [Exception] DateTime::__construct(): Failed to parse time string (04-16-2014) at position 0 (0): Unexpected character
#0 /docroot/app/View/Pages/events.ctp(130): DateTime->__construct('04-16-2014')
#1 /docroot/lib/Cake/View/View.php(920): include('/docroot/app/Vi...')
#2 /docroot/lib/Cake/View/View.php(883): View->_evaluate('/docroot/app/Vi...', Array)
#3 /docroot/lib/Cake/View/View.php(475): View->_render('/docroot/app/Vi...')
#4 /docroot/lib/Cake/Controller/Controller.php(957): View->render('events', NULL)
#5 /docroot/app/Controller/PagesController.php(73): Controller->render('events')
#6 [internal function]: PagesController->display('events')
#7 /docroot/lib/Cake/Controller/Controller.php(485): ReflectionMethod->invokeArgs(Object(PagesController), Array)
#8 /docroot/lib/Cake/Routing/Dispatcher.php(186): Controller->invokeAction(Object(CakeRequest))
#9 /docroot/lib/Cake/Routing/Dispatcher.php(161): Dispatcher->_invoke(Object(PagesController), Object(CakeRequest), Object(CakeResponse))
#10 /docroot/app/webroot/index.php(92): Dispatcher->dispatch(Object(CakeRequest), Object(CakeResponse))
#11 {main}
2014-04-03 22:52:59 Error: [Exception] DateTime::__construct(): Failed to parse time string (2014-0414) at position 7 (1): Unexpected character
#0 /docroot/app/View/Pages/events.ctp(130): DateTime->__construct('2014-0414')
#1 /docroot/lib/Cake/View/View.php(920): include('/docroot/app/Vi...')
#2 /docroot/lib/Cake/View/View.php(883): View->_evaluate('/docroot/app/Vi...', Array)
#3 /docroot/lib/Cake/View/View.php(475): View->_render('/docroot/app/Vi...')
#4 /docroot/lib/Cake/Controller/Controller.php(957): View->render('events', NULL)
#5 /docroot/app/Controller/PagesController.php(73): Controller->render('events')
#6 [internal function]: PagesController->display('events')
#7 /docroot/lib/Cake/Controller/Controller.php(485): ReflectionMethod->invokeArgs(Object(PagesController), Array)
#8 /docroot/lib/Cake/Routing/Dispatcher.php(186): Controller->invokeAction(Object(CakeRequest))
#9 /docroot/lib/Cake/Routing/Dispatcher.php(161): Dispatcher->_invoke(Object(PagesController), Object(CakeRequest), Object(CakeResponse))
#10 /docroot/app/webroot/index.php(92): Dispatcher->dispatch(Object(CakeRequest), Object(CakeResponse))
#11 {main}
2014-04-03 23:22:29 Error: [MissingViewException] View file "/docroot/app/View/Pages/images/services/links.gif.ctp" is missing.
#0 /docroot/lib/Cake/View/View.php(472): View->_getViewFileName('images/services...')
#1 /docroot/lib/Cake/Controller/Controller.php(957): View->render('images/services...', NULL)
#2 /docroot/app/Controller/PagesController.php(73): Controller->render('images/services...')
#3 [internal function]: PagesController->display('images', 'services', 'links.gif')
#4 /docroot/lib/Cake/Controller/Controller.php(485): ReflectionMethod->invokeArgs(Object(PagesController), Array)
#5 /docroot/lib/Cake/Routing/Dispatcher.php(186): Controller->invokeAction(Object(CakeRequest))
#6 /docroot/lib/Cake/Routing/Dispatcher.php(161): Dispatcher->_invoke(Object(PagesController), Object(CakeRequest), Object(CakeResponse))
#7 /docroot/app/webroot/index.php(92): Dispatcher->dispatch(Object(CakeRequest), Object(CakeResponse))
#8 {main}
2014-04-03 23:22:36 Error: [MissingViewException] View file "/docroot/app/View/Pages/images/services/links.gif.ctp" is missing.
#0 /docroot/lib/Cake/View/View.php(472): View->_getViewFileName('images/services...')
#1 /docroot/lib/Cake/Controller/Controller.php(957): View->render('images/services...', NULL)
#2 /docroot/app/Controller/PagesController.php(73): Controller->render('images/services...')
#3 [internal function]: PagesController->display('images', 'services', 'links.gif')
#4 /docroot/lib/Cake/Controller/Controller.php(485): ReflectionMethod->invokeArgs(Object(PagesController), Array)
#5 /docroot/lib/Cake/Routing/Dispatcher.php(186): Controller->invokeAction(Object(CakeRequest))
#6 /docroot/lib/Cake/Routing/Dispatcher.php(161): Dispatcher->_invoke(Object(PagesController), Object(CakeRequest), Object(CakeResponse))
#7 /docroot/app/webroot/index.php(92): Dispatcher->dispatch(Object(CakeRequest), Object(CakeResponse))
#8 {main}
